                            OLS Regression Results                            
==============================================================================
Dep. Variable:                      y   R-squared:                       0.005
Model:                            OLS   Adj. R-squared:                  0.005
Method:                 Least Squares   F-statistic:                     169.1
Date:                Mon, 04 Sep 2017   Prob (F-statistic):           1.40e-38
Time:                        12:53:53   Log-Likelihood:            -2.0490e+05
No. Observations:               34718   AIC:                         4.098e+05
Df Residuals:                   34716   BIC:                         4.098e+05
Df Model:                           1                                         
Covariance Type:            nonrobust                                         
==============================================================================
                 coef    std err          t      P>|t|      [0.025      0.975]
------------------------------------------------------------------------------
const         11.1525      0.508     21.974      0.000      10.158      12.147
x1            -2.9222      0.225    -13.006      0.000      -3.363      -2.482
==============================================================================
Omnibus:                    86776.862   Durbin-Watson:                   1.923
Prob(Omnibus):                  0.000   Jarque-Bera (JB):       2446274980.178
Skew:                          27.144   Prob(JB):                         0.00
Kurtosis:                    1302.278   Cond. No.                         2.48
==============================================================================

Warnings:
[1] Standard Errors assume that the covariance matrix of the errors is correctly specified.