                            OLS Regression Results                            
==============================================================================
Dep. Variable:                      y   R-squared:                       0.005
Model:                            OLS   Adj. R-squared:                  0.005
Method:                 Least Squares   F-statistic:                     163.2
Date:                Mon, 04 Sep 2017   Prob (F-statistic):           2.80e-37
Time:                        12:53:53   Log-Likelihood:            -2.0490e+05
No. Observations:               34718   AIC:                         4.098e+05
Df Residuals:                   34716   BIC:                         4.098e+05
Df Model:                           1                                         
Covariance Type:            nonrobust                                         
==============================================================================
                 coef    std err          t      P>|t|      [0.025      0.975]
------------------------------------------------------------------------------
const         13.0074      0.476     27.304      0.000      12.074      13.941
x1             3.0541      0.239     12.773      0.000       2.585       3.523
==============================================================================
Omnibus:                    86812.479   Durbin-Watson:                   1.926
Prob(Omnibus):                  0.000   Jarque-Bera (JB):       2457870744.014
Skew:                          27.171   Prob(JB):                         0.00
Kurtosis:                    1305.357   Cond. No.                         2.00
==============================================================================

Warnings:
[1] Standard Errors assume that the covariance matrix of the errors is correctly specified.