                            OLS Regression Results                            
==============================================================================
Dep. Variable:                      y   R-squared:                       0.000
Model:                            OLS   Adj. R-squared:                  0.000
Method:                 Least Squares   F-statistic:                     5.518
Date:                Mon, 04 Sep 2017   Prob (F-statistic):             0.0188
Time:                        12:53:54   Log-Likelihood:            -2.0498e+05
No. Observations:               34718   AIC:                         4.100e+05
Df Residuals:                   34716   BIC:                         4.100e+05
Df Model:                           1                                         
Covariance Type:            nonrobust                                         
==============================================================================
                 coef    std err          t      P>|t|      [0.025      0.975]
------------------------------------------------------------------------------
const         13.7481      0.489     28.093      0.000      12.789      14.707
x1             0.7917      0.337      2.349      0.019       0.131       1.452
==============================================================================
Omnibus:                    86649.426   Durbin-Watson:                   1.917
Prob(Omnibus):                  0.000   Jarque-Bera (JB):       2415307138.098
Skew:                          27.045   Prob(JB):                         0.00
Kurtosis:                    1294.022   Cond. No.                         1.56
==============================================================================

Warnings:
[1] Standard Errors assume that the covariance matrix of the errors is correctly specified.